<?xml version="1.0" encoding="UTF-8"?>
<testng-results ignored="0" total="3" passed="2" failed="1" skipped="0">
  <reporter-output>
  </reporter-output>
  <suite started-at="2020-05-28T15:18:31 IST" name="Default suite" finished-at="2020-05-28T15:18:40 IST" duration-ms="9748">
    <groups>
    </groups>
    <test started-at="2020-05-28T15:18:31 IST" name="Default test" finished-at="2020-05-28T15:18:40 IST" duration-ms="9748">
      <class name="com.qa.Mytests.NotepadTest">
        <test-method is-config="true" signature="setup()[pri:0, instance:com.qa.Mytests.NotepadTest@4445629]" started-at="2020-05-28T15:18:31 IST" name="setup" finished-at="2020-05-28T15:18:31 IST" duration-ms="580" status="PASS">
          <reporter-output>
          </reporter-output>
        </test-method> <!-- setup -->
        <test-method signature="enterdata()[pri:1, instance:com.qa.Mytests.NotepadTest@4445629]" started-at="2020-05-28T15:18:31 IST" name="enterdata" finished-at="2020-05-28T15:18:33 IST" duration-ms="2013" status="PASS">
          <reporter-output>
          </reporter-output>
        </test-method> <!-- enterdata -->
        <test-method is-config="true" signature="cleanup()[pri:0, instance:com.qa.Mytests.NotepadTest@4445629]" started-at="2020-05-28T15:18:33 IST" name="cleanup" finished-at="2020-05-28T15:18:33 IST" duration-ms="24" status="PASS">
          <reporter-output>
          </reporter-output>
        </test-method> <!-- cleanup -->
        <test-method is-config="true" signature="setup()[pri:0, instance:com.qa.Mytests.NotepadTest@4445629]" started-at="2020-05-28T15:18:33 IST" name="setup" finished-at="2020-05-28T15:18:33 IST" duration-ms="300" status="PASS">
          <reporter-output>
          </reporter-output>
        </test-method> <!-- setup -->
        <test-method signature="checkhelpabouttest()[pri:2, instance:com.qa.Mytests.NotepadTest@4445629]" started-at="2020-05-28T15:18:33 IST" name="checkhelpabouttest" finished-at="2020-05-28T15:18:34 IST" duration-ms="831" status="PASS">
          <reporter-output>
          </reporter-output>
        </test-method> <!-- checkhelpabouttest -->
        <test-method is-config="true" signature="cleanup()[pri:0, instance:com.qa.Mytests.NotepadTest@4445629]" started-at="2020-05-28T15:18:34 IST" name="cleanup" finished-at="2020-05-28T15:18:34 IST" duration-ms="23" status="PASS">
          <reporter-output>
          </reporter-output>
        </test-method> <!-- cleanup -->
        <test-method is-config="true" signature="setup()[pri:0, instance:com.qa.Mytests.NotepadTest@4445629]" started-at="2020-05-28T15:18:34 IST" name="setup" finished-at="2020-05-28T15:18:35 IST" duration-ms="301" status="PASS">
          <reporter-output>
          </reporter-output>
        </test-method> <!-- setup -->
        <test-method signature="Timedateentry()[pri:3, instance:com.qa.Mytests.NotepadTest@4445629]" started-at="2020-05-28T15:18:35 IST" name="Timedateentry" finished-at="2020-05-28T15:18:35 IST" duration-ms="617" status="FAIL">
          <exception class="org.openqa.selenium.UnsupportedCommandException">
            <message>
              <![CDATA[Command not recognized: GET: /session/2E237EEC-DE4C-4FC6-82EF-004B817C648E/alert_text (WARNING: The server did not provide any stacktrace information)
Command duration or timeout: 0 milliseconds
Build info: version: '3.141.59', revision: 'e82be7d358', time: '2018-11-14T08:17:03'
System info: host: 'L505613', ip: '10.63.123.81', os.name: 'Windows 10', os.arch: 'amd64', os.version: '10.0', java.version: '13.0.2'
Driver info: io.appium.java_client.windows.WindowsDriver
Capabilities {app: C:\Windows\System32\notepad..., javascriptEnabled: true, platform: WINDOWS, platformName: Windows}
Session ID: 2E237EEC-DE4C-4FC6-82EF-004B817C648E]]>
            </message>
            <full-stacktrace>
              <![CDATA[org.openqa.selenium.UnsupportedCommandException: Command not recognized: GET: /session/2E237EEC-DE4C-4FC6-82EF-004B817C648E/alert_text (WARNING: The server did not provide any stacktrace information)
Command duration or timeout: 0 milliseconds
Build info: version: '3.141.59', revision: 'e82be7d358', time: '2018-11-14T08:17:03'
System info: host: 'L505613', ip: '10.63.123.81', os.name: 'Windows 10', os.arch: 'amd64', os.version: '10.0', java.version: '13.0.2'
Driver info: io.appium.java_client.windows.WindowsDriver
Capabilities {app: C:\Windows\System32\notepad..., javascriptEnabled: true, platform: WINDOWS, platformName: Windows}
Session ID: 2E237EEC-DE4C-4FC6-82EF-004B817C648E
at java.base/jdk.internal.reflect.NativeConstructorAccessorImpl.newInstance0(Native Method)
at java.base/jdk.internal.reflect.NativeConstructorAccessorImpl.newInstance(NativeConstructorAccessorImpl.java:62)
at java.base/jdk.internal.reflect.DelegatingConstructorAccessorImpl.newInstance(DelegatingConstructorAccessorImpl.java:45)
at java.base/java.lang.reflect.Constructor.newInstanceWithCaller(Constructor.java:500)
at java.base/java.lang.reflect.Constructor.newInstance(Constructor.java:481)
at org.openqa.selenium.remote.ErrorHandler.createThrowable(ErrorHandler.java:214)
at org.openqa.selenium.remote.ErrorHandler.throwIfResponseFailed(ErrorHandler.java:166)
at org.openqa.selenium.remote.http.JsonHttpResponseCodec.reconstructValue(JsonHttpResponseCodec.java:40)
at org.openqa.selenium.remote.http.AbstractHttpResponseCodec.decode(AbstractHttpResponseCodec.java:80)
at org.openqa.selenium.remote.http.AbstractHttpResponseCodec.decode(AbstractHttpResponseCodec.java:44)
at org.openqa.selenium.remote.HttpCommandExecutor.execute(HttpCommandExecutor.java:158)
at io.appium.java_client.remote.AppiumCommandExecutor.execute(AppiumCommandExecutor.java:239)
at org.openqa.selenium.remote.RemoteWebDriver.execute(RemoteWebDriver.java:552)
at io.appium.java_client.DefaultGenericMobileDriver.execute(DefaultGenericMobileDriver.java:45)
at io.appium.java_client.AppiumDriver.execute(AppiumDriver.java:1)
at io.appium.java_client.windows.WindowsDriver.execute(WindowsDriver.java:1)
at org.openqa.selenium.remote.RemoteWebDriver$RemoteTargetLocator.alert(RemoteWebDriver.java:932)
at com.qa.Mytests.NotepadTest.Timedateentry(NotepadTest.java:70)
at java.base/jdk.internal.reflect.NativeMethodAccessorImpl.invoke0(Native Method)
at java.base/jdk.internal.reflect.NativeMethodAccessorImpl.invoke(NativeMethodAccessorImpl.java:62)
at java.base/jdk.internal.reflect.DelegatingMethodAccessorImpl.invoke(DelegatingMethodAccessorImpl.java:43)
at java.base/java.lang.reflect.Method.invoke(Method.java:567)
at org.testng.internal.MethodInvocationHelper.invokeMethod(MethodInvocationHelper.java:134)
at org.testng.internal.TestInvoker.invokeMethod(TestInvoker.java:597)
at org.testng.internal.TestInvoker.invokeTestMethod(TestInvoker.java:173)
at org.testng.internal.MethodRunner.runInSequence(MethodRunner.java:46)
at org.testng.internal.TestInvoker$MethodInvocationAgent.invoke(TestInvoker.java:816)
at org.testng.internal.TestInvoker.invokeTestMethods(TestInvoker.java:146)
at org.testng.internal.TestMethodWorker.invokeTestMethods(TestMethodWorker.java:146)
at org.testng.internal.TestMethodWorker.run(TestMethodWorker.java:128)
at java.base/java.util.ArrayList.forEach(ArrayList.java:1507)
at org.testng.TestRunner.privateRun(TestRunner.java:766)
at org.testng.TestRunner.run(TestRunner.java:587)
at org.testng.SuiteRunner.runTest(SuiteRunner.java:384)
at org.testng.SuiteRunner.runSequentially(SuiteRunner.java:378)
at org.testng.SuiteRunner.privateRun(SuiteRunner.java:337)
at org.testng.SuiteRunner.run(SuiteRunner.java:286)
at org.testng.SuiteRunnerWorker.runSuite(SuiteRunnerWorker.java:53)
at org.testng.SuiteRunnerWorker.run(SuiteRunnerWorker.java:96)
at org.testng.TestNG.runSuitesSequentially(TestNG.java:1187)
at org.testng.TestNG.runSuitesLocally(TestNG.java:1109)
at org.testng.TestNG.runSuites(TestNG.java:1039)
at org.testng.TestNG.run(TestNG.java:1007)
at org.testng.remote.AbstractRemoteTestNG.run(AbstractRemoteTestNG.java:115)
at org.testng.remote.RemoteTestNG.initAndRun(RemoteTestNG.java:251)
at org.testng.remote.RemoteTestNG.main(RemoteTestNG.java:77)
]]>
            </full-stacktrace>
          </exception> <!-- org.openqa.selenium.UnsupportedCommandException -->
          <reporter-output>
          </reporter-output>
        </test-method> <!-- Timedateentry -->
        <test-method is-config="true" signature="cleanup()[pri:0, instance:com.qa.Mytests.NotepadTest@4445629]" started-at="2020-05-28T15:18:35 IST" name="cleanup" finished-at="2020-05-28T15:18:40 IST" duration-ms="5024" status="PASS">
          <reporter-output>
          </reporter-output>
        </test-method> <!-- cleanup -->
      </class> <!-- com.qa.Mytests.NotepadTest -->
    </test> <!-- Default test -->
  </suite> <!-- Default suite -->
</testng-results>
